  ModuleSceneIntro.cpp
C:\Users\hangx\Documents\GitHub\Pinball-game\Pinball_Game\ModuleSceneIntro.cpp(196,45): warning C4244: 'argumento': conversión de 'TYPE' a 'TYPE'; posible pérdida de datos
          with
          [
              TYPE=int
          ]
          and
          [
              TYPE=float
          ]
C:\Users\hangx\Documents\GitHub\Pinball-game\Pinball_Game\ModuleSceneIntro.cpp(196,30): warning C4244: 'argumento': conversión de 'TYPE' a 'TYPE'; posible pérdida de datos
          with
          [
              TYPE=int
          ]
          and
          [
              TYPE=float
          ]
C:\Users\hangx\Documents\GitHub\Pinball-game\Pinball_Game\ModuleSceneIntro.cpp(198,18): warning C4244: 'argumento': conversión de 'int' a 'float'; posible pérdida de datos
C:\Users\hangx\Documents\GitHub\Pinball-game\Pinball_Game\ModuleSceneIntro.cpp(200,70): warning C4244: 'argumento': conversión de 'TYPE' a 'int'; posible pérdida de datos
          with
          [
              TYPE=float
          ]
C:\Users\hangx\Documents\GitHub\Pinball-game\Pinball_Game\ModuleSceneIntro.cpp(200,47): warning C4244: 'argumento': conversión de 'TYPE' a 'int'; posible pérdida de datos
          with
          [
              TYPE=float
          ]
C:\Users\hangx\Documents\GitHub\Pinball-game\Pinball_Game\ModuleSceneIntro.cpp(203,138): warning C4244: 'argumento': conversión de 'TYPE' a 'int'; posible pérdida de datos
          with
          [
              TYPE=float
          ]
C:\Users\hangx\Documents\GitHub\Pinball-game\Pinball_Game\ModuleSceneIntro.cpp(203,96): warning C4244: 'argumento': conversión de 'TYPE' a 'int'; posible pérdida de datos
          with
          [
              TYPE=float
          ]
C:\Users\hangx\Documents\GitHub\Pinball-game\Pinball_Game\ModuleSceneIntro.cpp(203,57): warning C4244: 'argumento': conversión de 'TYPE' a 'int'; posible pérdida de datos
          with
          [
              TYPE=float
          ]
C:\Users\hangx\Documents\GitHub\Pinball-game\Pinball_Game\ModuleSceneIntro.cpp(203,34): warning C4244: 'argumento': conversión de 'TYPE' a 'int'; posible pérdida de datos
          with
          [
              TYPE=float
          ]
C:\Users\hangx\Documents\GitHub\Pinball-game\Pinball_Game\ModuleSceneIntro.cpp(211,9): warning C4101: 'y': variable local sin referencia
C:\Users\hangx\Documents\GitHub\Pinball-game\Pinball_Game\ModuleSceneIntro.cpp(211,6): warning C4101: 'x': variable local sin referencia
  SDL Game.vcxproj -> C:\Users\hangx\Documents\GitHub\Pinball-game\Pinball_Game\Debug\2D Physics - class 4.exe
